02:48:09.964 INFO    thonny: Thonny version: 4.0.1
02:48:09.964 INFO    thonny: cwd: /usr/lib/python3/dist-packages
02:48:09.976 INFO    thonny: original argv: ['/usr/bin/python3', '-u', '-B', '-m', 'thonny.plugins.cpython_backend.cp_launcher', '/home/zortiz/Desktop/python3scripts']
02:48:09.976 INFO    thonny: sys.executable: /usr/bin/python3
02:48:09.977 INFO    thonny: sys.argv: ['/usr/lib/python3/dist-packages/thonny/plugins/cpython_backend/cp_launcher.py', '/home/zortiz/Desktop/python3scripts']
02:48:09.977 INFO    thonny: sys.path: ['/usr/lib/python3/dist-packages', '/usr/lib/python39.zip', '/usr/lib/python3.9', '/usr/lib/python3.9/lib-dynload', '/home/zortiz/.local/lib/python3.9/site-packages', '/usr/local/lib/python3.9/dist-packages', '/usr/local/lib/python3.9/dist-packages/Adafruit_PCA9685-1.0.1-py3.9.egg', '/usr/local/lib/python3.9/dist-packages/Adafruit_GPIO-1.0.4-py3.9.egg', '/usr/local/lib/python3.9/dist-packages/Adafruit_PureIO-1.1.11-py3.9.egg', '/usr/lib/python3/dist-packages', '/usr/lib/python3.9/dist-packages']
02:48:09.977 INFO    thonny: sys.flags: sys.flags(debug=0, inspect=0, interactive=0, optimize=0, dont_write_bytecode=1, no_user_site=0, no_site=0, ignore_environment=0, verbose=0, bytes_warning=0, quiet=0, hash_randomization=1, isolated=0, dev_mode=False, utf8_mode=0)
02:48:09.978 INFO    thonny: TIME/MODS 0.019 Before constructing backend (+7 modules)
02:48:09.978 INFO    thonny: NEW MODS ['_ctypes', '_struct', 'ctypes', 'ctypes._endian', 'encodings.ascii', 'faulthandler', 'struct']
02:48:09.979 INFO    thonny: TIME/MODS 0.001 Before MainBackend 
02:48:09.979 INFO    thonny: TIME/MODS 0.000 After MainBackend 
02:48:10.026 INFO    thonny.backend: Loading plugins
02:48:10.026 INFO    thonny: TIME/MODS 0.047 Before loading plugins (+4 modules)
02:48:10.026 INFO    thonny: NEW MODS ['_sysconfigdata__arm-linux-gnueabihf', 'platform', 'pydoc', 'sysconfig']
02:48:10.027 INFO    thonny.common: Using THONNY_FRONTEND_SYS_PATH ['/usr/bin', '/usr/lib/python39.zip', '/usr/lib/python3.9', '/usr/lib/python3.9/lib-dynload', '/home/zortiz/.local/lib/python3.9/site-packages', '/usr/local/lib/python3.9/dist-packages', '/usr/local/lib/python3.9/dist-packages/Adafruit_PCA9685-1.0.1-py3.9.egg', '/usr/local/lib/python3.9/dist-packages/Adafruit_GPIO-1.0.4-py3.9.egg', '/usr/local/lib/python3.9/dist-packages/Adafruit_PureIO-1.1.11-py3.9.egg', '/usr/lib/python3/dist-packages', '/usr/lib/python3.9/dist-packages', '/home/zortiz/.config/Thonny/plugins/lib/python3.9/site-packages']
02:48:10.032 INFO    thonny.backend: Loading plugin 'thonny.plugins.backend.birdseye_backend'
02:48:10.035 INFO    thonny.backend: Loading plugin 'thonny.plugins.backend.dock_user_windows_backend'
02:48:10.037 INFO    thonny.backend: Loading plugin 'thonny.plugins.backend.flask_backend'
02:48:10.040 INFO    thonny.backend: Loading plugin 'thonny.plugins.backend.matplotlib_backend'
02:48:10.043 INFO    thonny.backend: Loading plugin 'thonny.plugins.backend.pgzero_backend'
02:48:10.049 INFO    thonny: TIME/MODS 0.023 After loading plugins (+6 modules)
02:48:10.050 INFO    thonny: NEW MODS ['thonny.plugins.backend', 'thonny.plugins.backend.birdseye_backend', 'thonny.plugins.backend.dock_user_windows_backend', 'thonny.plugins.backend.flask_backend', 'thonny.plugins.backend.matplotlib_backend', 'thonny.plugins.backend.pgzero_backend']
02:48:10.050 INFO    thonny: TIME/MODS 0.001 Beginning of mainloop 
02:48:10.052 INFO    thonny: TIME/MODS 0.001 Sending message ToplevelResponse 
02:48:10.052 INFO    thonny.backend: Loading Jedi
02:48:10.053 INFO    thonny: TIME/MODS 0.001 Before loading Jedi 
02:48:10.053 INFO    thonny.common: Using THONNY_FRONTEND_SYS_PATH ['/usr/bin', '/usr/lib/python39.zip', '/usr/lib/python3.9', '/usr/lib/python3.9/lib-dynload', '/home/zortiz/.local/lib/python3.9/site-packages', '/usr/local/lib/python3.9/dist-packages', '/usr/local/lib/python3.9/dist-packages/Adafruit_PCA9685-1.0.1-py3.9.egg', '/usr/local/lib/python3.9/dist-packages/Adafruit_GPIO-1.0.4-py3.9.egg', '/usr/local/lib/python3.9/dist-packages/Adafruit_PureIO-1.1.11-py3.9.egg', '/usr/lib/python3/dist-packages', '/usr/lib/python3.9/dist-packages', '/home/zortiz/.config/Thonny/plugins/lib/python3.9/site-packages']
02:48:10.743 INFO    thonny: TIME/MODS 0.690 After loading Jedi (+127 modules)
02:48:10.744 INFO    thonny: NEW MODS ['__future__', '_blake2', '_bz2', '_compat_pickle', '_compression', '_hashlib', '_json', '_lzma', '_pickle', 'bz2', 'colorama', 'colorama.ansi', 'colorama.ansitowin32', 'colorama.initialise', 'colorama.win32', 'colorama.winterm', 'difflib', 'filecmp', 'gc', 'hashlib', 'jedi', 'jedi._compatibility', 'jedi.api', 'jedi.api.classes', 'jedi.api.completion', 'jedi.api.completion_cache', 'jedi.api.environment', 'jedi.api.errors', 'jedi.api.exceptions', 'jedi.api.file_name', 'jedi.api.helpers', 'jedi.api.interpreter', 'jedi.api.keywords', 'jedi.api.project', 'jedi.api.refactoring', 'jedi.api.refactoring.extract', 'jedi.api.strings', 'jedi.cache', 'jedi.common', 'jedi.debug', 'jedi.file_io', 'jedi.inference', 'jedi.inference.analysis', 'jedi.inference.arguments', 'jedi.inference.base_value', 'jedi.inference.cache', 'jedi.inference.compiled', 'jedi.inference.compiled.access', 'jedi.inference.compiled.getattr_static', 'jedi.inference.compiled.mixed', 'jedi.inference.compiled.subprocess', 'jedi.inference.compiled.subprocess.functions', 'jedi.inference.compiled.value', 'jedi.inference.context', 'jedi.inference.docstrings', 'jedi.inference.filters', 'jedi.inference.flow_analysis', 'jedi.inference.gradual', 'jedi.inference.gradual.annotation', 'jedi.inference.gradual.base', 'jedi.inference.gradual.conversion', 'jedi.inference.gradual.generics', 'jedi.inference.gradual.stub_value', 'jedi.inference.gradual.type_var', 'jedi.inference.gradual.typeshed', 'jedi.inference.gradual.typing', 'jedi.inference.gradual.utils', 'jedi.inference.helpers', 'jedi.inference.imports', 'jedi.inference.lazy_value', 'jedi.inference.names', 'jedi.inference.param', 'jedi.inference.parser_cache', 'jedi.inference.recursion', 'jedi.inference.references', 'jedi.inference.signature', 'jedi.inference.syntax_tree', 'jedi.inference.sys_path', 'jedi.inference.utils', 'jedi.inference.value', 'jedi.inference.value.decorator', 'jedi.inference.value.dynamic_arrays', 'jedi.inference.value.function', 'jedi.inference.value.instance', 'jedi.inference.value.iterable', 'jedi.inference.value.klass', 'jedi.inference.value.module', 'jedi.parser_utils', 'jedi.plugins', 'jedi.plugins.django', 'jedi.plugins.flask', 'jedi.plugins.pytest', 'jedi.plugins.registry', 'jedi.plugins.stdlib', 'jedi.settings', 'json', 'json.decoder', 'json.encoder', 'json.scanner', 'lzma', 'parso', 'parso._compatibility', 'parso.cache', 'parso.file_io', 'parso.grammar', 'parso.normalizer', 'parso.parser', 'parso.pgen2', 'parso.pgen2.generator', 'parso.pgen2.grammar_parser', 'parso.python', 'parso.python.diff', 'parso.python.errors', 'parso.python.parser', 'parso.python.pep8', 'parso.python.prefix', 'parso.python.token', 'parso.python.tokenize', 'parso.python.tree', 'parso.tree', 'parso.utils', 'pickle', 'pydoc_data', 'pydoc_data.topics', 'shutil', 'textwrap', 'zlib']
