** Message: 15:11:19.516: environement.vala:58: Exporting primary_variable
** Message: 15:11:19.517: environement.vala:59: desktop_environnement XDG_CURRENT_DESKTOP
** Message: 15:11:19.517: environement.vala:150: confir_dirs is null, export : /etc/xdg
** Message: 15:11:19.517: environement.vala:184: Exporting XDG_CONFIG_DIRS
** Message: 15:11:19.517: environement.vala:218: custom_data :
** Message: 15:11:19.517: environement.vala:219: data_dirs :/usr/share/fkms:/usr/local/share:/usr/share/raspi-ui-overrides:/usr/share:/usr/share/gdm:/var/lib/menu-xdg
** Message: 15:11:19.517: environement.vala:220: data_dirs not null, export : /usr/share/fkms:/usr/local/share:/usr/share/raspi-ui-overrides:/usr/share:/usr/share/gdm:/var/lib/menu-xdg
** Message: 15:11:19.517: environement.vala:225: Exporting XDG_DATA_DIRS
** Message: 15:11:19.519: utils.vala:127: User config used : /home/zortiz/.config/lxsession/LXDE-pi/desktop.conf
** Message: 15:11:19.520: utils.vala:148: Final file used : /home/zortiz/.config/lxsession/LXDE-pi/desktop.conf
** Message: 15:11:19.520: utils.vala:39: Config system location : /etc/xdg/lxsession/LXDE-pi
** Message: 15:11:19.521: utils.vala:45: System system path location : /etc/xdg/lxsession/LXDE-pi/desktop.conf
** Message: 15:11:19.534: settings.vala:540: Key file does not have key “iGtk/ColorScheme” in group “GTK”
** Message: 15:11:19.535: settings.vala:540: Key file does not have key “windows_manager/command” in group “Session”
** Message: 15:11:19.535: settings.vala:540: Key file does not have key “panel/command” in group “Session”
** Message: 15:11:19.535: settings.vala:540: Key file does not have key “dock/command” in group “Session”
** Message: 15:11:19.535: settings.vala:540: Key file does not have key “file_manager/command” in group “Session”
** Message: 15:11:19.535: settings.vala:540: Key file does not have key “desktop_manager/command” in group “Session”
** Message: 15:11:19.535: settings.vala:540: Key file does not have key “launcher_manager/autostart” in group “Session”
** Message: 15:11:19.535: settings.vala:540: Key file does not have key “composite_manager/command” in group “Session”
** Message: 15:11:19.535: settings.vala:540: Key file does not have key “im1/command” in group “Session”
** Message: 15:11:19.535: settings.vala:540: Key file does not have key “im2/command” in group “Session”
** Message: 15:11:19.535: settings.vala:540: Key file does not have key “widget1/command” in group “Session”
** Message: 15:11:19.536: settings.vala:540: Key file does not have key “notification/command” in group “Session”
** Message: 15:11:19.536: settings.vala:540: Key file does not have key “keybindings/command” in group “Session”
** Message: 15:11:19.536: settings.vala:540: Key file does not have key “im_manager/command” in group “Session”
** Message: 15:11:19.536: settings.vala:540: Key file does not have key “screensaver/command” in group “Session”
** Message: 15:11:19.536: settings.vala:540: Key file does not have key “power_manager/command” in group “Session”
** Message: 15:11:19.536: settings.vala:540: Key file does not have key “audio_manager/command” in group “Session”
** Message: 15:11:19.536: settings.vala:540: Key file does not have key “workspace_manager/command” in group “Session”
** Message: 15:11:19.536: settings.vala:540: Key file does not have key “screenshot_manager/command” in group “Session”
** Message: 15:11:19.536: settings.vala:540: Key file does not have key “message_manager/command” in group “Session”
** Message: 15:11:19.536: settings.vala:540: Key file does not have key “upgrade_manager/command” in group “Session”
** Message: 15:11:19.537: settings.vala:540: Key file does not have key “updates_manager/command” in group “Session”
** Message: 15:11:19.537: settings.vala:540: Key file does not have key “updates_manager/timeout” in group “Session”
** Message: 15:11:19.537: settings.vala:540: Key file does not have key “crash_manager/command” in group “Session”
** Message: 15:11:19.537: settings.vala:540: Key file does not have key “crash_manager/dev_mode” in group “Session”
** Message: 15:11:19.537: settings.vala:540: Key file does not have key “crash_manager/timeout” in group “Session”
** Message: 15:11:19.537: settings.vala:540: Key file does not have key “upstart_user_session” in group “Session”
** Message: 15:11:19.537: settings.vala:540: Key file does not have key “proxy_manager/http” in group “Session”
** Message: 15:11:19.537: settings.vala:540: Key file does not have key “a11y/command” in group “Session”
** Message: 15:11:19.537: settings.vala:540: Key file does not have key “xrandr/command” in group “Session”
** Message: 15:11:19.538: settings.vala:540: Key file does not have key “network_gui/command” in group “Session”
** Message: 15:11:19.538: settings.vala:540: Key file does not have key “webbrowser/command” in group “Session”
** Message: 15:11:19.538: settings.vala:540: Key file does not have key “email/command” in group “Session”
** Message: 15:11:19.538: settings.vala:540: Key file does not have key “pdf_reader/command” in group “Session”
** Message: 15:11:19.538: settings.vala:540: Key file does not have key “video_player/command” in group “Session”
** Message: 15:11:19.538: settings.vala:540: Key file does not have key “audio_player/command” in group “Session”
** Message: 15:11:19.538: settings.vala:540: Key file does not have key “image_display/command” in group “Session”
** Message: 15:11:19.538: settings.vala:540: Key file does not have key “text_editor/command” in group “Session”
** Message: 15:11:19.538: settings.vala:540: Key file does not have key “archive/command” in group “Session”
** Message: 15:11:19.538: settings.vala:540: Key file does not have key “charmap/command” in group “Session”
** Message: 15:11:19.538: settings.vala:540: Key file does not have key “calculator/command” in group “Session”
** Message: 15:11:19.538: settings.vala:540: Key file does not have key “spreadsheet/command” in group “Session”
** Message: 15:11:19.539: settings.vala:540: Key file does not have key “bittorent/command” in group “Session”
** Message: 15:11:19.539: settings.vala:540: Key file does not have key “document/command” in group “Session”
** Message: 15:11:19.539: settings.vala:540: Key file does not have key “webcam/command” in group “Session”
** Message: 15:11:19.539: settings.vala:540: Key file does not have key “burn/command” in group “Session”
** Message: 15:11:19.539: settings.vala:540: Key file does not have key “notes/command” in group “Session”
** Message: 15:11:19.539: settings.vala:540: Key file does not have key “disk_utility/command” in group “Session”
** Message: 15:11:19.539: settings.vala:540: Key file does not have key “tasks/command” in group “Session”
** Message: 15:11:19.539: settings.vala:540: Key file does not have group “Keymap”
** Message: 15:11:19.539: settings.vala:540: Key file does not have key “laptop_mode” in group “State”
** Message: 15:11:19.539: settings.vala:540: Key file does not have key “gnome” in group “Dbus”
** Message: 15:11:19.540: settings.vala:540: Key file does not have key “type” in group “Environment”
** Message: 15:11:19.540: settings.vala:540: Key file does not have key “ubuntu_menuproxy” in group “Environment”
** Message: 15:11:19.540: settings.vala:540: Key file does not have key “toolkit_integration” in group “Environment”
** Message: 15:11:19.540: settings.vala:540: Key file does not have key “gtk/overlay_scrollbar_disable” in group “Environment”
** Message: 15:11:19.540: settings.vala:540: Key file does not have key “qt/force_theme” in group “Environment”
** Message: 15:11:19.540: settings.vala:540: Key file does not have key “qt/platform” in group “Environment”
** Message: 15:11:19.541: settings.vala:462: Monitoring: /home/zortiz/.config/lxsession/LXDE-pi/desktop.conf
** Message: 15:11:19.541: settings.vala:466: Desktop file is already in config home, do nothing
** Message: 15:11:19.542: environement.vala:79: Exporting variable
** Message: 15:11:19.542: environement.vala:80: desktop_environnement XDG_CURRENT_DESKTOP
** Message: 15:11:19.542: environement.vala:177: custom_config :
** Message: 15:11:19.542: environement.vala:178: config_dirs :/etc/xdg
** Message: 15:11:19.542: environement.vala:179: confir_dirs not null, export : /etc/xdg
** Message: 15:11:19.542: environement.vala:184: Exporting XDG_CONFIG_DIRS
** Message: 15:11:19.542: environement.vala:218: custom_data :
** Message: 15:11:19.542: environement.vala:219: data_dirs :/usr/share/fkms:/usr/local/share:/usr/share/raspi-ui-overrides:/usr/share:/usr/share/gdm:/var/lib/menu-xdg
** Message: 15:11:19.542: environement.vala:220: data_dirs not null, export : /usr/share/fkms:/usr/local/share:/usr/share/raspi-ui-overrides:/usr/share:/usr/share/gdm:/var/lib/menu-xdg
** Message: 15:11:19.542: environement.vala:225: Exporting XDG_DATA_DIRS
** Message: 15:11:19.542: utils.vala:39: Config system location : /etc/xdg/lxsession/LXDE-pi
** Message: 15:11:19.543: utils.vala:45: System system path location : /etc/xdg/lxsession/LXDE-pi/desktop.conf
** Message: 15:11:19.543: environement.vala:254: No entry in [Environment_variable]. Key file does not have group “Environment_variable”
** Message: 15:11:19.553: utils.vala:138: Config system location : /etc/xdg/lxsession/LXDE-pi
** Message: 15:11:19.554: utils.vala:144: System system path location : /etc/xdg/lxsession/LXDE-pi/conffiles.conf
** Message: 15:11:19.554: utils.vala:148: Final file used : /etc/xdg/lxsession/LXDE-pi/conffiles.conf
** Message: 15:11:19.554: options.vala:164: Activate xsettings_manager build-in
** Message: 15:11:19.554: utils.vala:39: Config system location : /etc/xdg/lxsession/LXDE-pi
** Message: 15:11:19.554: utils.vala:45: System system path location : /etc/xdg/lxsession/LXDE-pi/desktop.conf
xprop:  no such property "_NET_NUMBER_OF_DESKTOPS"
xprop:  no such property "_NET_DESKTOP_NAMES"
** Message: 15:11:19.576: app.vala:728: polkit separate
** Message: 15:11:19.577: app.vala:728: polkit separate
** Message: 15:11:19.586: app.vala:76: Launching lxpolkit 
** Message: 15:11:19.587: utils.vala:138: Config system location : /etc/xdg/lxsession/LXDE-pi
** Message: 15:11:19.587: utils.vala:144: System system path location : /etc/xdg/lxsession/LXDE-pi/autostart
** Message: 15:11:19.587: utils.vala:148: Final file used : /etc/xdg/lxsession/LXDE-pi/autostart
** Message: 15:11:19.587: autostart.vala:42: Autostart path : /etc/xdg/lxsession/LXDE-pi/autostart
** Message: 15:11:19.624: app.vala:76: Launching lxpanel 
** Message: 15:11:19.657: app.vala:76: Launching pcmanfm 

** (lxsession:745): WARNING **: 15:11:19.695: app.vala:86: Failed to execute child process “xscreensaver” (No such file or directory)

** (lxsession:745): WARNING **: 15:11:19.695: app.vala:87: Error when launching xscreensaver
** Message: 15:11:19.707: options.vala:107: Create build-in Clipboard
** Message: 15:11:19.709: main.vala:450: Check keymap_mode (null)
** Message: 15:11:19.713: app.vala:76: Launching /usr/bin/ssh-agent 
SSH_AUTH_SOCK=/tmp/ssh-hCwVEvVszaFb/agent.1078; export SSH_AUTH_SOCK;
SSH_AGENT_PID=1082; export SSH_AGENT_PID;
echo Agent pid 1082;
** Message: 15:11:20.841: app.vala:130: /usr/bin/ssh-agent exit with this type of exit: 0
Openbox-Message: Unable to find a valid menu file "/usr/share/lxde/openbox/menu.xml"
** Message: 15:12:34.163: x-terminal-emulator has very limited support, consider choosing another terminal
** Message: 15:12:34.454: x-terminal-emulator has very limited support, consider choosing another terminal
** Message: 15:12:37.678: dhcpcdui: dhcpcd service not running; plugin hidden
** Message: 15:12:38.098: ptbatt: battery 0 not found
** Message: 15:12:38.750: up: Checking for updates
** Message: 15:13:49.189: up: Cache updated - comparing versions
** Message: 15:14:08.514: up: Check complete - 4 updates available
